0 info it worked if it ends with ok
1 verbose cli [ '/home/cyt-b/.nvm/v0.10.25/bin/node',
1 verbose cli   '/home/cyt-b/.nvm/v0.10.25/bin/npm',
1 verbose cli   'publish' ]
2 info using npm@1.3.24
3 info using node@v0.10.25
4 verbose publish [ '.' ]
5 error Failed to parse json
5 error Unexpected token n
6 error File: /shared/Working/OSS-HostingSites/github/cytb/node-phantom-fork/package.json
7 error Failed to parse package.json data.
7 error package.json must be actual JSON, not just JavaScript.
7 error
7 error This is not a bug in npm.
7 error Tell the package author to fix their package.json file. JSON.parse
8 error System Linux 3.14.32-1-lts
9 error command "/home/cyt-b/.nvm/v0.10.25/bin/node" "/home/cyt-b/.nvm/v0.10.25/bin/npm" "publish"
10 error cwd /shared/Working/OSS-HostingSites/github/cytb/node-phantom-fork
11 error node -v v0.10.25
12 error npm -v 1.3.24
13 error file /shared/Working/OSS-HostingSites/github/cytb/node-phantom-fork/package.json
14 error code EJSONPARSE
15 verbose exit [ 1, true ]
